<?xml version="1.0" encoding="UTF-8"?>
<!-- Generated by org.testng.reporters.JUnitXMLReporter -->
<testsuite hostname="W1862254" ignored="0" name="Test" tests="5" failures="0" timestamp="2022-01-29T15:08:35 IST" time="32.851" errors="0">
  <testcase name="failedLoginTest" time="1.227" classname="com.project.devon.ItemTest"/>
  <testcase name="UserLogin" time="0.979" classname="com.project.devon.ItemTest"/>
  <testcase name="addItemToList" time="0.896" classname="com.project.devon.ItemTest"/>
  <testcase name="usercheckOutItem" time="1.693" classname="com.project.devon.ItemTest"/>
  <testcase name="itemOrder" time="20.999" classname="com.project.devon.ItemTest"/>
</testsuite> <!-- Test -->
